<?xml version="1.0" encoding="UTF-8"?>
<!-- Generated by org.testng.reporters.JUnitReportReporter -->
<testsuite hostname="earth" failures="0" tests="1" name="streams.streams" time="0.010" errors="0" timestamp="2022-10-20T07:47:19 IST" skipped="0">
  <testcase classname="streams.streams" name="StreamCollect" time="0.010"/>
  <system-out/>
</testsuite> <!-- streams.streams -->
